<?xml version="1.0" encoding="UTF-8"?>
<testsuite xmlns:xsi="http://www.w3.org/2001/XMLSchema-instance" xsi:noNamespaceSchemaLocation="https://maven.apache.org/surefire/maven-surefire-plugin/xsd/surefire-test-report.xsd" name="com.liujiajun.SpringbootEduApplicationTests" time="0.038" tests="1" errors="0" skipped="0" failures="0">
  <properties>
    <property name="java.specification.version" value="21"/>
    <property name="sun.cpu.isalist" value="amd64"/>
    <property name="sun.jnu.encoding" value="GBK"/>
    <property name="java.class.path" value="C:\Users\32761\Desktop\学生管理系统\target\test-classes;C:\Users\32761\Desktop\学生管理系统\target\classes;G:\apache-maven-3.9.9\mvn.repo\org\springframework\boot\spring-boot-starter-jdbc\2.2.0.RELEASE\spring-boot-starter-jdbc-2.2.0.RELEASE.jar;G:\apache-maven-3.9.9\mvn.repo\org\springframework\boot\spring-boot-starter\2.2.0.RELEASE\spring-boot-starter-2.2.0.RELEASE.jar;G:\apache-maven-3.9.9\mvn.repo\org\springframework\boot\spring-boot\2.2.0.RELEASE\spring-boot-2.2.0.RELEASE.jar;G:\apache-maven-3.9.9\mvn.repo\org\springframework\boot\spring-boot-autoconfigure\2.2.0.RELEASE\spring-boot-autoconfigure-2.2.0.RELEASE.jar;G:\apache-maven-3.9.9\mvn.repo\org\springframework\boot\spring-boot-starter-logging\2.2.0.RELEASE\spring-boot-starter-logging-2.2.0.RELEASE.jar;G:\apache-maven-3.9.9\mvn.repo\ch\qos\logback\logback-classic\1.2.3\logback-classic-1.2.3.jar;G:\apache-maven-3.9.9\mvn.repo\ch\qos\logback\logback-core\1.2.3\logback-core-1.2.3.jar;G:\apache-maven-3.9.9\mvn.repo\org\apache\logging\log4j\log4j-to-slf4j\2.12.1\log4j-to-slf4j-2.12.1.jar;G:\apache-maven-3.9.9\mvn.repo\org\apache\logging\log4j\log4j-api\2.12.1\log4j-api-2.12.1.jar;G:\apache-maven-3.9.9\mvn.repo\org\slf4j\jul-to-slf4j\1.7.28\jul-to-slf4j-1.7.28.jar;G:\apache-maven-3.9.9\mvn.repo\org\yaml\snakeyaml\1.25\snakeyaml-1.25.jar;G:\apache-maven-3.9.9\mvn.repo\com\zaxxer\HikariCP\3.4.1\HikariCP-3.4.1.jar;G:\apache-maven-3.9.9\mvn.repo\org\slf4j\slf4j-api\1.7.28\slf4j-api-1.7.28.jar;G:\apache-maven-3.9.9\mvn.repo\org\springframework\spring-jdbc\5.2.0.RELEASE\spring-jdbc-5.2.0.RELEASE.jar;G:\apache-maven-3.9.9\mvn.repo\org\springframework\spring-beans\5.2.0.RELEASE\spring-beans-5.2.0.RELEASE.jar;G:\apache-maven-3.9.9\mvn.repo\org\springframework\spring-tx\5.2.0.RELEASE\spring-tx-5.2.0.RELEASE.jar;G:\apache-maven-3.9.9\mvn.repo\org\springframework\security\spring-security-crypto\5.7.2\spring-security-crypto-5.7.2.jar;G:\apache-maven-3.9.9\mvn.repo\org\springframework\boot\spring-boot-starter-security\2.2.0.RELEASE\spring-boot-starter-security-2.2.0.RELEASE.jar;G:\apache-maven-3.9.9\mvn.repo\org\springframework\spring-aop\5.2.0.RELEASE\spring-aop-5.2.0.RELEASE.jar;G:\apache-maven-3.9.9\mvn.repo\org\springframework\security\spring-security-config\5.2.0.RELEASE\spring-security-config-5.2.0.RELEASE.jar;G:\apache-maven-3.9.9\mvn.repo\org\springframework\security\spring-security-core\5.2.0.RELEASE\spring-security-core-5.2.0.RELEASE.jar;G:\apache-maven-3.9.9\mvn.repo\org\springframework\spring-context\5.2.0.RELEASE\spring-context-5.2.0.RELEASE.jar;G:\apache-maven-3.9.9\mvn.repo\org\springframework\security\spring-security-web\5.2.0.RELEASE\spring-security-web-5.2.0.RELEASE.jar;G:\apache-maven-3.9.9\mvn.repo\org\springframework\spring-expression\5.2.0.RELEASE\spring-expression-5.2.0.RELEASE.jar;G:\apache-maven-3.9.9\mvn.repo\org\springframework\boot\spring-boot-starter-web\2.2.0.RELEASE\spring-boot-starter-web-2.2.0.RELEASE.jar;G:\apache-maven-3.9.9\mvn.repo\org\springframework\boot\spring-boot-starter-json\2.2.0.RELEASE\spring-boot-starter-json-2.2.0.RELEASE.jar;G:\apache-maven-3.9.9\mvn.repo\com\fasterxml\jackson\core\jackson-databind\2.10.0\jackson-databind-2.10.0.jar;G:\apache-maven-3.9.9\mvn.repo\com\fasterxml\jackson\core\jackson-annotations\2.10.0\jackson-annotations-2.10.0.jar;G:\apache-maven-3.9.9\mvn.repo\com\fasterxml\jackson\core\jackson-core\2.10.0\jackson-core-2.10.0.jar;G:\apache-maven-3.9.9\mvn.repo\com\fasterxml\jackson\datatype\jackson-datatype-jdk8\2.10.0\jackson-datatype-jdk8-2.10.0.jar;G:\apache-maven-3.9.9\mvn.repo\com\fasterxml\jackson\datatype\jackson-datatype-jsr310\2.10.0\jackson-datatype-jsr310-2.10.0.jar;G:\apache-maven-3.9.9\mvn.repo\com\fasterxml\jackson\module\jackson-module-parameter-names\2.10.0\jackson-module-parameter-names-2.10.0.jar;G:\apache-maven-3.9.9\mvn.repo\org\springframework\boot\spring-boot-starter-validation\2.2.0.RELEASE\spring-boot-starter-validation-2.2.0.RELEASE.jar;G:\apache-maven-3.9.9\mvn.repo\jakarta\validation\jakarta.validation-api\2.0.1\jakarta.validation-api-2.0.1.jar;G:\apache-maven-3.9.9\mvn.repo\org\hibernate\validator\hibernate-validator\6.0.17.Final\hibernate-validator-6.0.17.Final.jar;G:\apache-maven-3.9.9\mvn.repo\org\jboss\logging\jboss-logging\3.4.1.Final\jboss-logging-3.4.1.Final.jar;G:\apache-maven-3.9.9\mvn.repo\com\fasterxml\classmate\1.5.0\classmate-1.5.0.jar;G:\apache-maven-3.9.9\mvn.repo\org\springframework\spring-web\5.2.0.RELEASE\spring-web-5.2.0.RELEASE.jar;G:\apache-maven-3.9.9\mvn.repo\org\springframework\spring-webmvc\5.2.0.RELEASE\spring-webmvc-5.2.0.RELEASE.jar;G:\apache-maven-3.9.9\mvn.repo\org\mybatis\spring\boot\mybatis-spring-boot-starter\2.1.1\mybatis-spring-boot-starter-2.1.1.jar;G:\apache-maven-3.9.9\mvn.repo\org\mybatis\spring\boot\mybatis-spring-boot-autoconfigure\2.1.1\mybatis-spring-boot-autoconfigure-2.1.1.jar;G:\apache-maven-3.9.9\mvn.repo\org\mybatis\mybatis\3.5.3\mybatis-3.5.3.jar;G:\apache-maven-3.9.9\mvn.repo\org\mybatis\mybatis-spring\2.0.3\mybatis-spring-2.0.3.jar;G:\apache-maven-3.9.9\mvn.repo\mysql\mysql-connector-java\8.0.18\mysql-connector-java-8.0.18.jar;G:\apache-maven-3.9.9\mvn.repo\org\springframework\boot\spring-boot-starter-test\2.2.0.RELEASE\spring-boot-starter-test-2.2.0.RELEASE.jar;G:\apache-maven-3.9.9\mvn.repo\org\springframework\boot\spring-boot-test\2.2.0.RELEASE\spring-boot-test-2.2.0.RELEASE.jar;G:\apache-maven-3.9.9\mvn.repo\org\springframework\boot\spring-boot-test-autoconfigure\2.2.0.RELEASE\spring-boot-test-autoconfigure-2.2.0.RELEASE.jar;G:\apache-maven-3.9.9\mvn.repo\com\jayway\jsonpath\json-path\2.4.0\json-path-2.4.0.jar;G:\apache-maven-3.9.9\mvn.repo\net\minidev\json-smart\2.3\json-smart-2.3.jar;G:\apache-maven-3.9.9\mvn.repo\net\minidev\accessors-smart\1.2\accessors-smart-1.2.jar;G:\apache-maven-3.9.9\mvn.repo\org\ow2\asm\asm\5.0.4\asm-5.0.4.jar;G:\apache-maven-3.9.9\mvn.repo\jakarta\xml\bind\jakarta.xml.bind-api\2.3.2\jakarta.xml.bind-api-2.3.2.jar;G:\apache-maven-3.9.9\mvn.repo\jakarta\activation\jakarta.activation-api\1.2.1\jakarta.activation-api-1.2.1.jar;G:\apache-maven-3.9.9\mvn.repo\org\junit\jupiter\junit-jupiter\5.5.2\junit-jupiter-5.5.2.jar;G:\apache-maven-3.9.9\mvn.repo\org\junit\jupiter\junit-jupiter-api\5.5.2\junit-jupiter-api-5.5.2.jar;G:\apache-maven-3.9.9\mvn.repo\org\apiguardian\apiguardian-api\1.1.0\apiguardian-api-1.1.0.jar;G:\apache-maven-3.9.9\mvn.repo\org\opentest4j\opentest4j\1.2.0\opentest4j-1.2.0.jar;G:\apache-maven-3.9.9\mvn.repo\org\junit\platform\junit-platform-commons\1.5.2\junit-platform-commons-1.5.2.jar;G:\apache-maven-3.9.9\mvn.repo\org\junit\jupiter\junit-jupiter-params\5.5.2\junit-jupiter-params-5.5.2.jar;G:\apache-maven-3.9.9\mvn.repo\org\junit\jupiter\junit-jupiter-engine\5.5.2\junit-jupiter-engine-5.5.2.jar;G:\apache-maven-3.9.9\mvn.repo\org\junit\platform\junit-platform-engine\1.5.2\junit-platform-engine-1.5.2.jar;G:\apache-maven-3.9.9\mvn.repo\org\mockito\mockito-junit-jupiter\3.1.0\mockito-junit-jupiter-3.1.0.jar;G:\apache-maven-3.9.9\mvn.repo\org\assertj\assertj-core\3.13.2\assertj-core-3.13.2.jar;G:\apache-maven-3.9.9\mvn.repo\org\hamcrest\hamcrest\2.1\hamcrest-2.1.jar;G:\apache-maven-3.9.9\mvn.repo\org\mockito\mockito-core\3.1.0\mockito-core-3.1.0.jar;G:\apache-maven-3.9.9\mvn.repo\net\bytebuddy\byte-buddy\1.10.1\byte-buddy-1.10.1.jar;G:\apache-maven-3.9.9\mvn.repo\net\bytebuddy\byte-buddy-agent\1.10.1\byte-buddy-agent-1.10.1.jar;G:\apache-maven-3.9.9\mvn.repo\org\objenesis\objenesis\2.6\objenesis-2.6.jar;G:\apache-maven-3.9.9\mvn.repo\org\skyscreamer\jsonassert\1.5.0\jsonassert-1.5.0.jar;G:\apache-maven-3.9.9\mvn.repo\com\vaadin\external\google\android-json\0.0.20131108.vaadin1\android-json-0.0.20131108.vaadin1.jar;G:\apache-maven-3.9.9\mvn.repo\org\springframework\spring-core\5.2.0.RELEASE\spring-core-5.2.0.RELEASE.jar;G:\apache-maven-3.9.9\mvn.repo\org\springframework\spring-jcl\5.2.0.RELEASE\spring-jcl-5.2.0.RELEASE.jar;G:\apache-maven-3.9.9\mvn.repo\org\springframework\spring-test\5.2.0.RELEASE\spring-test-5.2.0.RELEASE.jar;G:\apache-maven-3.9.9\mvn.repo\org\xmlunit\xmlunit-core\2.6.3\xmlunit-core-2.6.3.jar;G:\apache-maven-3.9.9\mvn.repo\org\mybatis\generator\mybatis-generator-core\1.4.0\mybatis-generator-core-1.4.0.jar;G:\apache-maven-3.9.9\mvn.repo\javax\annotation\javax.annotation-api\1.3.2\javax.annotation-api-1.3.2.jar;G:\apache-maven-3.9.9\mvn.repo\org\apache\shiro\shiro-spring\1.7.1\shiro-spring-1.7.1.jar;G:\apache-maven-3.9.9\mvn.repo\org\apache\shiro\shiro-core\1.7.1\shiro-core-1.7.1.jar;G:\apache-maven-3.9.9\mvn.repo\org\apache\shiro\shiro-lang\1.7.1\shiro-lang-1.7.1.jar;G:\apache-maven-3.9.9\mvn.repo\org\apache\shiro\shiro-cache\1.7.1\shiro-cache-1.7.1.jar;G:\apache-maven-3.9.9\mvn.repo\org\apache\shiro\shiro-crypto-hash\1.7.1\shiro-crypto-hash-1.7.1.jar;G:\apache-maven-3.9.9\mvn.repo\org\apache\shiro\shiro-crypto-core\1.7.1\shiro-crypto-core-1.7.1.jar;G:\apache-maven-3.9.9\mvn.repo\org\apache\shiro\shiro-crypto-cipher\1.7.1\shiro-crypto-cipher-1.7.1.jar;G:\apache-maven-3.9.9\mvn.repo\org\apache\shiro\shiro-config-core\1.7.1\shiro-config-core-1.7.1.jar;G:\apache-maven-3.9.9\mvn.repo\org\apache\shiro\shiro-config-ogdl\1.7.1\shiro-config-ogdl-1.7.1.jar;G:\apache-maven-3.9.9\mvn.repo\commons-beanutils\commons-beanutils\1.9.4\commons-beanutils-1.9.4.jar;G:\apache-maven-3.9.9\mvn.repo\commons-collections\commons-collections\3.2.2\commons-collections-3.2.2.jar;G:\apache-maven-3.9.9\mvn.repo\org\apache\shiro\shiro-event\1.7.1\shiro-event-1.7.1.jar;G:\apache-maven-3.9.9\mvn.repo\org\apache\shiro\shiro-web\1.7.1\shiro-web-1.7.1.jar;G:\apache-maven-3.9.9\mvn.repo\org\owasp\encoder\encoder\1.2.2\encoder-1.2.2.jar;G:\apache-maven-3.9.9\mvn.repo\org\springframework\boot\spring-boot-starter-tomcat\2.2.0.RELEASE\spring-boot-starter-tomcat-2.2.0.RELEASE.jar;G:\apache-maven-3.9.9\mvn.repo\jakarta\annotation\jakarta.annotation-api\1.3.5\jakarta.annotation-api-1.3.5.jar;G:\apache-maven-3.9.9\mvn.repo\org\apache\tomcat\embed\tomcat-embed-core\9.0.27\tomcat-embed-core-9.0.27.jar;G:\apache-maven-3.9.9\mvn.repo\org\apache\tomcat\embed\tomcat-embed-el\9.0.27\tomcat-embed-el-9.0.27.jar;G:\apache-maven-3.9.9\mvn.repo\org\apache\tomcat\embed\tomcat-embed-websocket\9.0.27\tomcat-embed-websocket-9.0.27.jar;G:\apache-maven-3.9.9\mvn.repo\javax\servlet\javax.servlet-api\4.0.1\javax.servlet-api-4.0.1.jar;G:\apache-maven-3.9.9\mvn.repo\javax\servlet\jstl\1.2\jstl-1.2.jar;G:\apache-maven-3.9.9\mvn.repo\org\apache\tomcat\embed\tomcat-embed-jasper\9.0.27\tomcat-embed-jasper-9.0.27.jar;G:\apache-maven-3.9.9\mvn.repo\org\eclipse\jdt\ecj\3.18.0\ecj-3.18.0.jar;G:\apache-maven-3.9.9\mvn.repo\com\github\pagehelper\pagehelper-spring-boot-starter\1.2.3\pagehelper-spring-boot-starter-1.2.3.jar;G:\apache-maven-3.9.9\mvn.repo\com\github\pagehelper\pagehelper-spring-boot-autoconfigure\1.2.3\pagehelper-spring-boot-autoconfigure-1.2.3.jar;G:\apache-maven-3.9.9\mvn.repo\com\github\pagehelper\pagehelper\5.1.2\pagehelper-5.1.2.jar;G:\apache-maven-3.9.9\mvn.repo\com\github\jsqlparser\jsqlparser\1.0\jsqlparser-1.0.jar;"/>
    <property name="java.vm.vendor" value="Oracle Corporation"/>
    <property name="sun.arch.data.model" value="64"/>
    <property name="user.variant" value=""/>
    <property name="java.vendor.url" value="https://java.oracle.com/"/>
    <property name="user.timezone" value="Asia/Shanghai"/>
    <property name="os.name" value="Windows 11"/>
    <property name="java.vm.specification.version" value="21"/>
    <property name="sun.java.launcher" value="SUN_STANDARD"/>
    <property name="user.country" value="CN"/>
    <property name="sun.boot.library.path" value="C:\Program Files\Java\bin"/>
    <property name="sun.java.command" value="C:\Users\32761\AppData\Local\Temp\surefire10473451624971451761\surefirebooter8116108434968116491.jar C:\Users\32761\AppData\Local\Temp\surefire10473451624971451761 2025-04-05T22-45-15_671-jvmRun1 surefire2871328481366261514tmp surefire_012356659625894468440tmp"/>
    <property name="jdk.debug" value="release"/>
    <property name="surefire.test.class.path" value="C:\Users\32761\Desktop\学生管理系统\target\test-classes;C:\Users\32761\Desktop\学生管理系统\target\classes;G:\apache-maven-3.9.9\mvn.repo\org\springframework\boot\spring-boot-starter-jdbc\2.2.0.RELEASE\spring-boot-starter-jdbc-2.2.0.RELEASE.jar;G:\apache-maven-3.9.9\mvn.repo\org\springframework\boot\spring-boot-starter\2.2.0.RELEASE\spring-boot-starter-2.2.0.RELEASE.jar;G:\apache-maven-3.9.9\mvn.repo\org\springframework\boot\spring-boot\2.2.0.RELEASE\spring-boot-2.2.0.RELEASE.jar;G:\apache-maven-3.9.9\mvn.repo\org\springframework\boot\spring-boot-autoconfigure\2.2.0.RELEASE\spring-boot-autoconfigure-2.2.0.RELEASE.jar;G:\apache-maven-3.9.9\mvn.repo\org\springframework\boot\spring-boot-starter-logging\2.2.0.RELEASE\spring-boot-starter-logging-2.2.0.RELEASE.jar;G:\apache-maven-3.9.9\mvn.repo\ch\qos\logback\logback-classic\1.2.3\logback-classic-1.2.3.jar;G:\apache-maven-3.9.9\mvn.repo\ch\qos\logback\logback-core\1.2.3\logback-core-1.2.3.jar;G:\apache-maven-3.9.9\mvn.repo\org\apache\logging\log4j\log4j-to-slf4j\2.12.1\log4j-to-slf4j-2.12.1.jar;G:\apache-maven-3.9.9\mvn.repo\org\apache\logging\log4j\log4j-api\2.12.1\log4j-api-2.12.1.jar;G:\apache-maven-3.9.9\mvn.repo\org\slf4j\jul-to-slf4j\1.7.28\jul-to-slf4j-1.7.28.jar;G:\apache-maven-3.9.9\mvn.repo\org\yaml\snakeyaml\1.25\snakeyaml-1.25.jar;G:\apache-maven-3.9.9\mvn.repo\com\zaxxer\HikariCP\3.4.1\HikariCP-3.4.1.jar;G:\apache-maven-3.9.9\mvn.repo\org\slf4j\slf4j-api\1.7.28\slf4j-api-1.7.28.jar;G:\apache-maven-3.9.9\mvn.repo\org\springframework\spring-jdbc\5.2.0.RELEASE\spring-jdbc-5.2.0.RELEASE.jar;G:\apache-maven-3.9.9\mvn.repo\org\springframework\spring-beans\5.2.0.RELEASE\spring-beans-5.2.0.RELEASE.jar;G:\apache-maven-3.9.9\mvn.repo\org\springframework\spring-tx\5.2.0.RELEASE\spring-tx-5.2.0.RELEASE.jar;G:\apache-maven-3.9.9\mvn.repo\org\springframework\security\spring-security-crypto\5.7.2\spring-security-crypto-5.7.2.jar;G:\apache-maven-3.9.9\mvn.repo\org\springframework\boot\spring-boot-starter-security\2.2.0.RELEASE\spring-boot-starter-security-2.2.0.RELEASE.jar;G:\apache-maven-3.9.9\mvn.repo\org\springframework\spring-aop\5.2.0.RELEASE\spring-aop-5.2.0.RELEASE.jar;G:\apache-maven-3.9.9\mvn.repo\org\springframework\security\spring-security-config\5.2.0.RELEASE\spring-security-config-5.2.0.RELEASE.jar;G:\apache-maven-3.9.9\mvn.repo\org\springframework\security\spring-security-core\5.2.0.RELEASE\spring-security-core-5.2.0.RELEASE.jar;G:\apache-maven-3.9.9\mvn.repo\org\springframework\spring-context\5.2.0.RELEASE\spring-context-5.2.0.RELEASE.jar;G:\apache-maven-3.9.9\mvn.repo\org\springframework\security\spring-security-web\5.2.0.RELEASE\spring-security-web-5.2.0.RELEASE.jar;G:\apache-maven-3.9.9\mvn.repo\org\springframework\spring-expression\5.2.0.RELEASE\spring-expression-5.2.0.RELEASE.jar;G:\apache-maven-3.9.9\mvn.repo\org\springframework\boot\spring-boot-starter-web\2.2.0.RELEASE\spring-boot-starter-web-2.2.0.RELEASE.jar;G:\apache-maven-3.9.9\mvn.repo\org\springframework\boot\spring-boot-starter-json\2.2.0.RELEASE\spring-boot-starter-json-2.2.0.RELEASE.jar;G:\apache-maven-3.9.9\mvn.repo\com\fasterxml\jackson\core\jackson-databind\2.10.0\jackson-databind-2.10.0.jar;G:\apache-maven-3.9.9\mvn.repo\com\fasterxml\jackson\core\jackson-annotations\2.10.0\jackson-annotations-2.10.0.jar;G:\apache-maven-3.9.9\mvn.repo\com\fasterxml\jackson\core\jackson-core\2.10.0\jackson-core-2.10.0.jar;G:\apache-maven-3.9.9\mvn.repo\com\fasterxml\jackson\datatype\jackson-datatype-jdk8\2.10.0\jackson-datatype-jdk8-2.10.0.jar;G:\apache-maven-3.9.9\mvn.repo\com\fasterxml\jackson\datatype\jackson-datatype-jsr310\2.10.0\jackson-datatype-jsr310-2.10.0.jar;G:\apache-maven-3.9.9\mvn.repo\com\fasterxml\jackson\module\jackson-module-parameter-names\2.10.0\jackson-module-parameter-names-2.10.0.jar;G:\apache-maven-3.9.9\mvn.repo\org\springframework\boot\spring-boot-starter-validation\2.2.0.RELEASE\spring-boot-starter-validation-2.2.0.RELEASE.jar;G:\apache-maven-3.9.9\mvn.repo\jakarta\validation\jakarta.validation-api\2.0.1\jakarta.validation-api-2.0.1.jar;G:\apache-maven-3.9.9\mvn.repo\org\hibernate\validator\hibernate-validator\6.0.17.Final\hibernate-validator-6.0.17.Final.jar;G:\apache-maven-3.9.9\mvn.repo\org\jboss\logging\jboss-logging\3.4.1.Final\jboss-logging-3.4.1.Final.jar;G:\apache-maven-3.9.9\mvn.repo\com\fasterxml\classmate\1.5.0\classmate-1.5.0.jar;G:\apache-maven-3.9.9\mvn.repo\org\springframework\spring-web\5.2.0.RELEASE\spring-web-5.2.0.RELEASE.jar;G:\apache-maven-3.9.9\mvn.repo\org\springframework\spring-webmvc\5.2.0.RELEASE\spring-webmvc-5.2.0.RELEASE.jar;G:\apache-maven-3.9.9\mvn.repo\org\mybatis\spring\boot\mybatis-spring-boot-starter\2.1.1\mybatis-spring-boot-starter-2.1.1.jar;G:\apache-maven-3.9.9\mvn.repo\org\mybatis\spring\boot\mybatis-spring-boot-autoconfigure\2.1.1\mybatis-spring-boot-autoconfigure-2.1.1.jar;G:\apache-maven-3.9.9\mvn.repo\org\mybatis\mybatis\3.5.3\mybatis-3.5.3.jar;G:\apache-maven-3.9.9\mvn.repo\org\mybatis\mybatis-spring\2.0.3\mybatis-spring-2.0.3.jar;G:\apache-maven-3.9.9\mvn.repo\mysql\mysql-connector-java\8.0.18\mysql-connector-java-8.0.18.jar;G:\apache-maven-3.9.9\mvn.repo\org\springframework\boot\spring-boot-starter-test\2.2.0.RELEASE\spring-boot-starter-test-2.2.0.RELEASE.jar;G:\apache-maven-3.9.9\mvn.repo\org\springframework\boot\spring-boot-test\2.2.0.RELEASE\spring-boot-test-2.2.0.RELEASE.jar;G:\apache-maven-3.9.9\mvn.repo\org\springframework\boot\spring-boot-test-autoconfigure\2.2.0.RELEASE\spring-boot-test-autoconfigure-2.2.0.RELEASE.jar;G:\apache-maven-3.9.9\mvn.repo\com\jayway\jsonpath\json-path\2.4.0\json-path-2.4.0.jar;G:\apache-maven-3.9.9\mvn.repo\net\minidev\json-smart\2.3\json-smart-2.3.jar;G:\apache-maven-3.9.9\mvn.repo\net\minidev\accessors-smart\1.2\accessors-smart-1.2.jar;G:\apache-maven-3.9.9\mvn.repo\org\ow2\asm\asm\5.0.4\asm-5.0.4.jar;G:\apache-maven-3.9.9\mvn.repo\jakarta\xml\bind\jakarta.xml.bind-api\2.3.2\jakarta.xml.bind-api-2.3.2.jar;G:\apache-maven-3.9.9\mvn.repo\jakarta\activation\jakarta.activation-api\1.2.1\jakarta.activation-api-1.2.1.jar;G:\apache-maven-3.9.9\mvn.repo\org\junit\jupiter\junit-jupiter\5.5.2\junit-jupiter-5.5.2.jar;G:\apache-maven-3.9.9\mvn.repo\org\junit\jupiter\junit-jupiter-api\5.5.2\junit-jupiter-api-5.5.2.jar;G:\apache-maven-3.9.9\mvn.repo\org\apiguardian\apiguardian-api\1.1.0\apiguardian-api-1.1.0.jar;G:\apache-maven-3.9.9\mvn.repo\org\opentest4j\opentest4j\1.2.0\opentest4j-1.2.0.jar;G:\apache-maven-3.9.9\mvn.repo\org\junit\platform\junit-platform-commons\1.5.2\junit-platform-commons-1.5.2.jar;G:\apache-maven-3.9.9\mvn.repo\org\junit\jupiter\junit-jupiter-params\5.5.2\junit-jupiter-params-5.5.2.jar;G:\apache-maven-3.9.9\mvn.repo\org\junit\jupiter\junit-jupiter-engine\5.5.2\junit-jupiter-engine-5.5.2.jar;G:\apache-maven-3.9.9\mvn.repo\org\junit\platform\junit-platform-engine\1.5.2\junit-platform-engine-1.5.2.jar;G:\apache-maven-3.9.9\mvn.repo\org\mockito\mockito-junit-jupiter\3.1.0\mockito-junit-jupiter-3.1.0.jar;G:\apache-maven-3.9.9\mvn.repo\org\assertj\assertj-core\3.13.2\assertj-core-3.13.2.jar;G:\apache-maven-3.9.9\mvn.repo\org\hamcrest\hamcrest\2.1\hamcrest-2.1.jar;G:\apache-maven-3.9.9\mvn.repo\org\mockito\mockito-core\3.1.0\mockito-core-3.1.0.jar;G:\apache-maven-3.9.9\mvn.repo\net\bytebuddy\byte-buddy\1.10.1\byte-buddy-1.10.1.jar;G:\apache-maven-3.9.9\mvn.repo\net\bytebuddy\byte-buddy-agent\1.10.1\byte-buddy-agent-1.10.1.jar;G:\apache-maven-3.9.9\mvn.repo\org\objenesis\objenesis\2.6\objenesis-2.6.jar;G:\apache-maven-3.9.9\mvn.repo\org\skyscreamer\jsonassert\1.5.0\jsonassert-1.5.0.jar;G:\apache-maven-3.9.9\mvn.repo\com\vaadin\external\google\android-json\0.0.20131108.vaadin1\android-json-0.0.20131108.vaadin1.jar;G:\apache-maven-3.9.9\mvn.repo\org\springframework\spring-core\5.2.0.RELEASE\spring-core-5.2.0.RELEASE.jar;G:\apache-maven-3.9.9\mvn.repo\org\springframework\spring-jcl\5.2.0.RELEASE\spring-jcl-5.2.0.RELEASE.jar;G:\apache-maven-3.9.9\mvn.repo\org\springframework\spring-test\5.2.0.RELEASE\spring-test-5.2.0.RELEASE.jar;G:\apache-maven-3.9.9\mvn.repo\org\xmlunit\xmlunit-core\2.6.3\xmlunit-core-2.6.3.jar;G:\apache-maven-3.9.9\mvn.repo\org\mybatis\generator\mybatis-generator-core\1.4.0\mybatis-generator-core-1.4.0.jar;G:\apache-maven-3.9.9\mvn.repo\javax\annotation\javax.annotation-api\1.3.2\javax.annotation-api-1.3.2.jar;G:\apache-maven-3.9.9\mvn.repo\org\apache\shiro\shiro-spring\1.7.1\shiro-spring-1.7.1.jar;G:\apache-maven-3.9.9\mvn.repo\org\apache\shiro\shiro-core\1.7.1\shiro-core-1.7.1.jar;G:\apache-maven-3.9.9\mvn.repo\org\apache\shiro\shiro-lang\1.7.1\shiro-lang-1.7.1.jar;G:\apache-maven-3.9.9\mvn.repo\org\apache\shiro\shiro-cache\1.7.1\shiro-cache-1.7.1.jar;G:\apache-maven-3.9.9\mvn.repo\org\apache\shiro\shiro-crypto-hash\1.7.1\shiro-crypto-hash-1.7.1.jar;G:\apache-maven-3.9.9\mvn.repo\org\apache\shiro\shiro-crypto-core\1.7.1\shiro-crypto-core-1.7.1.jar;G:\apache-maven-3.9.9\mvn.repo\org\apache\shiro\shiro-crypto-cipher\1.7.1\shiro-crypto-cipher-1.7.1.jar;G:\apache-maven-3.9.9\mvn.repo\org\apache\shiro\shiro-config-core\1.7.1\shiro-config-core-1.7.1.jar;G:\apache-maven-3.9.9\mvn.repo\org\apache\shiro\shiro-config-ogdl\1.7.1\shiro-config-ogdl-1.7.1.jar;G:\apache-maven-3.9.9\mvn.repo\commons-beanutils\commons-beanutils\1.9.4\commons-beanutils-1.9.4.jar;G:\apache-maven-3.9.9\mvn.repo\commons-collections\commons-collections\3.2.2\commons-collections-3.2.2.jar;G:\apache-maven-3.9.9\mvn.repo\org\apache\shiro\shiro-event\1.7.1\shiro-event-1.7.1.jar;G:\apache-maven-3.9.9\mvn.repo\org\apache\shiro\shiro-web\1.7.1\shiro-web-1.7.1.jar;G:\apache-maven-3.9.9\mvn.repo\org\owasp\encoder\encoder\1.2.2\encoder-1.2.2.jar;G:\apache-maven-3.9.9\mvn.repo\org\springframework\boot\spring-boot-starter-tomcat\2.2.0.RELEASE\spring-boot-starter-tomcat-2.2.0.RELEASE.jar;G:\apache-maven-3.9.9\mvn.repo\jakarta\annotation\jakarta.annotation-api\1.3.5\jakarta.annotation-api-1.3.5.jar;G:\apache-maven-3.9.9\mvn.repo\org\apache\tomcat\embed\tomcat-embed-core\9.0.27\tomcat-embed-core-9.0.27.jar;G:\apache-maven-3.9.9\mvn.repo\org\apache\tomcat\embed\tomcat-embed-el\9.0.27\tomcat-embed-el-9.0.27.jar;G:\apache-maven-3.9.9\mvn.repo\org\apache\tomcat\embed\tomcat-embed-websocket\9.0.27\tomcat-embed-websocket-9.0.27.jar;G:\apache-maven-3.9.9\mvn.repo\javax\servlet\javax.servlet-api\4.0.1\javax.servlet-api-4.0.1.jar;G:\apache-maven-3.9.9\mvn.repo\javax\servlet\jstl\1.2\jstl-1.2.jar;G:\apache-maven-3.9.9\mvn.repo\org\apache\tomcat\embed\tomcat-embed-jasper\9.0.27\tomcat-embed-jasper-9.0.27.jar;G:\apache-maven-3.9.9\mvn.repo\org\eclipse\jdt\ecj\3.18.0\ecj-3.18.0.jar;G:\apache-maven-3.9.9\mvn.repo\com\github\pagehelper\pagehelper-spring-boot-starter\1.2.3\pagehelper-spring-boot-starter-1.2.3.jar;G:\apache-maven-3.9.9\mvn.repo\com\github\pagehelper\pagehelper-spring-boot-autoconfigure\1.2.3\pagehelper-spring-boot-autoconfigure-1.2.3.jar;G:\apache-maven-3.9.9\mvn.repo\com\github\pagehelper\pagehelper\5.1.2\pagehelper-5.1.2.jar;G:\apache-maven-3.9.9\mvn.repo\com\github\jsqlparser\jsqlparser\1.0\jsqlparser-1.0.jar;"/>
    <property name="sun.cpu.endian" value="little"/>
    <property name="user.home" value="C:\Users\32761"/>
    <property name="user.language" value="zh"/>
    <property name="java.specification.vendor" value="Oracle Corporation"/>
    <property name="java.version.date" value="2023-09-19"/>
    <property name="java.home" value="C:\Program Files\Java"/>
    <property name="file.separator" value="\"/>
    <property name="basedir" value="C:\Users\32761\Desktop\学生管理系统"/>
    <property name="java.vm.compressedOopsMode" value="Zero based"/>
    <property name="line.separator" value="&#10;"/>
    <property name="java.vm.specification.vendor" value="Oracle Corporation"/>
    <property name="java.specification.name" value="Java Platform API Specification"/>
    <property name="surefire.real.class.path" value="C:\Users\32761\AppData\Local\Temp\surefire10473451624971451761\surefirebooter8116108434968116491.jar"/>
    <property name="user.script" value=""/>
    <property name="sun.management.compiler" value="HotSpot 64-Bit Tiered Compilers"/>
    <property name="java.runtime.version" value="21+35-LTS-2513"/>
    <property name="user.name" value="32761"/>
    <property name="stdout.encoding" value="GBK"/>
    <property name="path.separator" value=";"/>
    <property name="os.version" value="10.0"/>
    <property name="java.runtime.name" value="Java(TM) SE Runtime Environment"/>
    <property name="file.encoding" value="UTF-8"/>
    <property name="java.vm.name" value="Java HotSpot(TM) 64-Bit Server VM"/>
    <property name="localRepository" value="G:\apache-maven-3.9.9\mvn.repo"/>
    <property name="java.vendor.url.bug" value="https://bugreport.java.com/bugreport/"/>
    <property name="java.io.tmpdir" value="C:\Users\32761\AppData\Local\Temp\"/>
    <property name="java.version" value="21"/>
    <property name="user.dir" value="C:\Users\32761\Desktop\学生管理系统"/>
    <property name="os.arch" value="amd64"/>
    <property name="java.vm.specification.name" value="Java Virtual Machine Specification"/>
    <property name="sun.os.patch.level" value=""/>
    <property name="native.encoding" value="GBK"/>
    <property name="java.library.path" value="C:\Program Files\Java\bin;C:\WINDOWS\Sun\Java\bin;C:\WINDOWS\system32;C:\WINDOWS;F:\Go\bin;C:\Users\32761\go\bin;F:\Go\bin;C:\Users\32761\go\bin;C:\Users\32761\AppData\Local\Programs\cursor\resources\app\bin;G:\FLUTTER\flutter_windows_3.24.3-stable\flutter\bin;G:\FLUTTER\flutter_windows_3.24.3-stable\flutter\bin\cache\dart-sdk\bin;F:\虚拟机\bin\;C:\Program Files\PlasticSCM5\server;C:\Program Files\PlasticSCM5\client;D:\development\flutter\bin;D:\development\Android\sdk\emulator;D:\development\Android\sdk\platform-tools;D:\development\Java\jdk17\bin;C:\Program Files\Common Files\Oracle\Java\javapath;C:\Windows;C:\Windows\System32\Wbem;C:\Windows\System32\WindowsPowerShell\v1.0\;C:\Windows\System32\OpenSSH\;C:\Program Files (x86)\NVIDIA Corporation\PhysX\Common;C:\WINDOWS\system32;C:\WINDOWS;C:\WINDOWS\System32\Wbem;C:\WINDOWS\System32\WindowsPowerShell\v1.0\;C:\WINDOWS\System32\OpenSSH\;C:\Program Files\Microsoft SQL Server\150\Tools\Binn\;C:\Program Files\dotnet\;D:\AL\2\Git\cmd;C:\Program Files\Java\bin;G:\apache-maven-3.9.9\bin;C:\Program Files\Git\cmd;C:\Program Files\M;;C:\WINDOWS\system32;C:\WINDOWS;C:\WINDOWS\System32\Wbem;C:\WINDOWS\System32\WindowsPowerShell\v1.0\;C:\WINDOWS\System32\OpenSSH\;C:\Program Files\Docker\Docker\resources\bin;D:\docker\resources\bin;G:\FLUTTER\flutter_windows_3.24.3-stable\flutter\bin;G:\FLUTTER\flutter_windows_3.24.3-stable\flutter\bin\cache\dart-sdk\bin;F:\虚拟机\bin\;C:\Program Files\PlasticSCM5\server;C:\Program Files\PlasticSCM5\client;D:\development\flutter\bin;D:\development\Android\sdk\emulator;D:\development\Android\sdk\platform-tools;D:\development\Java\jdk17\bin;C:\Program Files\Common Files\Oracle\Java\javapath;C:;Windows\system32;C:\Windows;C:\Windows\System32\Wbem;C:\Windows\System32\WindowsPowerShell\v1.0\;C:\Windows\System32\OpenSSH\;C:\Program Files (x86)\NVIDIA Corporation\PhysX\Common;C:\Program Files\NVIDIA Corporation\NVIDIA NvDLISR;C:\WINDOWS\system32;C:\WINDOWS;C:\WINDOWS\System32\Wbem;C:\WINDOWS\System32\WindowsPowerShell\v1.0\;C:\WINDOWS\System32\OpenSSH\;C:\Program Files\Microsoft SQL Server\150\Tools\Binn\;C:\Program Files\dotnet\;D:\AL\2\Git\cmd;C:\Program Files\Java\bin;F:\apache-maven-3.6.1-bin\apache-maven-3.6.1\bin;C:\Program Files\Git\cmd;C:\Program Files\MySQL\MySQL Server 8.0\bin;C:\Program Files\Microsoft SQL Serve;G:\编译器\Microsoft VS Code\bin;G:\nvm;C:\Program Files\nodejs;C:\Users\32761\.dotnet\tools;C:\Users\32761\go\bin;F:\GoLand 2024.3\bin;;C:\Users\32761\AppData\Local\Microsoft\WindowsApps;D:\Ollama;C:\Users\32761\AppData\Local\Microsoft\WindowsApps;."/>
    <property name="java.vm.info" value="mixed mode, sharing"/>
    <property name="stderr.encoding" value="GBK"/>
    <property name="java.vendor" value="Oracle Corporation"/>
    <property name="java.vm.version" value="21+35-LTS-2513"/>
    <property name="sun.io.unicode.encoding" value="UnicodeLittle"/>
    <property name="java.class.version" value="65.0"/>
  </properties>
  <testcase name="contextLoads" classname="com.liujiajun.SpringbootEduApplicationTests" time="0.026"/>
</testsuite>